
-=-=-=-=-=-=-=-=-=-=-=-=-=-=-=-=-=-=-=-
[16.12.2013 23:20:48] Начало сеанса RSign

-=-=-=-=-=-=-=-=-=-=-=-=-=-=-=-=-=-=-=-
[16.12.2013 23:22:37] Начало сеанса RSign
[23:23:04]Пробую подключиться к AutoCAD, десу
[23:23:04]Создание нового документа
[23:23:08]Считаем разметку...
[23:23:08][1/22] Выводим населенные пункты...
[23:23:08][2/22] Выводим план...
[23:23:10][3/22] Выводим участки по покрытиям...
[23:23:10][4/22] Выводим метрику дороги...
[23:23:10]Неизвестный тип метрики: 2385234
[23:23:10]Неизвестный тип метрики: 2385235
[23:23:10]Неизвестный тип метрики: 2385235
[23:23:10]Неизвестный тип метрики: 2385234
[23:23:10]Неизвестный тип метрики: 2385234
[23:23:10]Неизвестный тип метрики: 2385235
[23:23:10]Неизвестный тип метрики: 2385235
[23:23:10]Неизвестный тип метрики: 2385235
[23:23:11]Неизвестный тип метрики: 2385234
[23:23:11]Неизвестный тип метрики: 2385235
[23:23:11]Неизвестный тип метрики: 2385235
[23:23:11][5/22] Выводим профиль дороги...
[23:23:12][6/22] Выводим примыкания...
[23:23:12][7/22] Выводим площадки отдыха...
[23:23:12][8/22] Выводим дорожные знаки...

-=-=-=-=-=-=-=-=-=-=-=-=-=-=-=-=-=-=-=-
[16.12.2013 23:24:25] Начало сеанса RSign
[16.12.2013 23:24:29] Завершение сеанса

-=-=-=-=-=-=-=-=-=-=-=-=-=-=-=-=-=-=-=-
[16.12.2013 23:24:31] Начало сеанса RSign
[23:24:50]Пробую подключиться к AutoCAD, десу
[23:24:50]Создание нового документа
[23:24:55]Считаем разметку...
[23:24:55][1/22] Выводим населенные пункты...
[23:24:55][2/22] Выводим план...
[23:25:29]Пробую подключиться к AutoCAD, десу
[23:25:29]Создание нового документа
[23:25:33]Считаем разметку...
[23:25:33][1/22] Выводим населенные пункты...
[23:25:33][2/22] Выводим план...
[23:25:35][3/22] Выводим участки по покрытиям...
[23:25:35][4/22] Выводим метрику дороги...
[23:25:35]Неизвестный тип метрики: 2385234
[23:25:35]Неизвестный тип метрики: 2385235
[23:25:35]Неизвестный тип метрики: 2385235
[23:25:35]Неизвестный тип метрики: 2385234
[23:25:35]Неизвестный тип метрики: 2385234
[23:25:36]Неизвестный тип метрики: 2385235
[23:25:36]Неизвестный тип метрики: 2385235
[23:25:36]Неизвестный тип метрики: 2385235
[23:25:36]Неизвестный тип метрики: 2385234
[23:25:36]Неизвестный тип метрики: 2385235
[23:25:36]Неизвестный тип метрики: 2385235
[23:25:36][5/22] Выводим профиль дороги...
[23:25:37][6/22] Выводим примыкания...
[23:25:37][7/22] Выводим площадки отдыха...
[23:25:38][8/22] Выводим дорожные знаки...
[ERROR][23:25:48]Блок '6.10.1' не найден
[ERROR][23:26:39]Блок '6.10.1' не найден
[23:26:40][9/22] Выводим разметку...
[23:26:42][10/22] Выводим коммуникации...
[23:26:42][11/22] Выводим трубы...
[23:26:43][12/22] Выводим мосты...
[23:26:43][13/22] Выводим автобусные остановки...
[23:26:43][14/22] Выводим высоты насыпей...
[23:26:44]Ищем существующие ограждения тротуары и столбы освещения
[23:26:45][15/22] Выводим ограждения и сигнальные устройства...
[23:27:10][16/22] Выводим тротуары...
[23:27:10][17/22] Выводим фонари...
[23:27:11][18/22] Выводим бордюры...
[23:27:11][19/22] Выводим участки уклонов ...
[23:27:15][20/22] Выводим участки кривых ...
[23:27:17][21/22] выводим дополнительные строки из файлов в верхнюю таблицу
[23:27:28][22/22] выводим дополнительные строки из файлов в нижнюю таблицу
[23:27:28]выводим дополнительные строки графика
[23:27:29]Завершение процесса...
[16.12.2013 23:27:34] Завершение сеанса

-=-=-=-=-=-=-=-=-=-=-=-=-=-=-=-=-=-=-=-
[16.12.2013 23:30:06] Начало сеанса RSign
[23:32:37]Пробую подключиться к AutoCAD
[23:32:37]Создание нового документа
[23:32:44]Считаем разметку...
[23:32:44][1/22] Выводим населенные пункты...
[23:32:44][2/22] Выводим план...
[23:32:47][3/22] Выводим участки по покрытиям...
[23:32:47][4/22] Выводим метрику дороги...
[23:32:47]Неизвестный тип метрики: 2385234
[23:32:47]Неизвестный тип метрики: 2385235
[23:32:47]Неизвестный тип метрики: 2385235
[23:32:47]Неизвестный тип метрики: 2385234
[23:32:48]Неизвестный тип метрики: 2385234
[23:32:48]Неизвестный тип метрики: 2385235
[23:32:48]Неизвестный тип метрики: 2385235
[23:32:48]Неизвестный тип метрики: 2385235
[23:32:48]Неизвестный тип метрики: 2385234
[23:32:48]Неизвестный тип метрики: 2385235
[23:32:48]Неизвестный тип метрики: 2385235
[23:32:48][5/22] Выводим профиль дороги...
[23:32:50][6/22] Выводим примыкания...
[23:32:50][7/22] Выводим площадки отдыха...
[23:32:50][8/22] Выводим дорожные знаки...
[ERROR][23:33:16]Блок '2.3.2' не найден
[ERROR][23:33:29]Блок '6.10.1' не найден
[ERROR][23:33:30]Блок '6.10.1' не найден
[23:33:32][9/22] Выводим разметку...
[23:33:34][10/22] Выводим коммуникации...
[23:33:34][11/22] Выводим трубы...
[23:33:35][12/22] Выводим мосты...
[23:33:35][13/22] Выводим автобусные остановки...
[23:33:35][14/22] Выводим высоты насыпей...
[23:33:35]Ищем существующие ограждения тротуары и столбы освещения
[23:33:35][15/22] Выводим ограждения и сигнальные устройства...
[23:34:00][16/22] Выводим тротуары...
[23:34:00][17/22] Выводим фонари...
[23:34:00][18/22] Выводим бордюры...
[23:34:00][19/22] Выводим участки уклонов ...
[23:34:03][20/22] Выводим участки кривых ...
[23:34:04][21/22] выводим дополнительные строки из файлов в верхнюю таблицу
[23:34:04][22/22] выводим дополнительные строки из файлов в нижнюю таблицу
[23:34:04]выводим дополнительные строки графика
[23:34:04]Завершение процесса...

-=-=-=-=-=-=-=-=-=-=-=-=-=-=-=-=-=-=-=-
[16.12.2013 23:38:15] Начало сеанса RSign
[23:38:37]Пробую подключиться к AutoCAD
[23:38:37]Создание нового документа
[23:38:42]Считаем разметку...
[23:38:42][1/22] Выводим населенные пункты...
[23:38:42][2/22] Выводим план...
[23:38:44][3/22] Выводим участки по покрытиям...
[23:38:44][4/22] Выводим метрику дороги...
[23:38:44]Неизвестный тип метрики: 2385234
[23:38:44]Неизвестный тип метрики: 2385235
[23:38:44]Неизвестный тип метрики: 2385235
[23:38:44]Неизвестный тип метрики: 2385234
[23:38:44]Неизвестный тип метрики: 2385234
[23:38:44]Неизвестный тип метрики: 2385235
[23:38:44]Неизвестный тип метрики: 2385235
[23:38:44]Неизвестный тип метрики: 2385235
[23:38:45]Неизвестный тип метрики: 2385234
[23:38:45]Неизвестный тип метрики: 2385235
[23:38:45]Неизвестный тип метрики: 2385235
[23:38:45][5/22] Выводим профиль дороги...
[23:38:46][6/22] Выводим примыкания...
[23:38:46][7/22] Выводим площадки отдыха...
[23:38:47][8/22] Выводим дорожные знаки...
[ERROR][23:38:56]ошибка вывода блока '6.10.1': [1.1426e+06;-4986]
[ERROR][23:38:57]ошибка вывода блока '6.10.1': [1.1678e+06;5634]
[23:38:58][9/22] Выводим разметку...
[23:39:00][10/22] Выводим коммуникации...
[23:39:00][11/22] Выводим трубы...
[23:39:01][12/22] Выводим мосты...
[23:39:01][13/22] Выводим автобусные остановки...
[23:39:01][14/22] Выводим высоты насыпей...
[23:39:03]Ищем существующие ограждения тротуары и столбы освещения
[23:39:04][15/22] Выводим ограждения и сигнальные устройства...
[23:39:29][16/22] Выводим тротуары...
[23:39:30][17/22] Выводим фонари...
[23:39:30][18/22] Выводим бордюры...
[23:39:30][19/22] Выводим участки уклонов ...
[23:39:35][20/22] Выводим участки кривых ...
[23:39:36][21/22] выводим дополнительные строки из файлов в верхнюю таблицу
[23:39:36][22/22] выводим дополнительные строки из файлов в нижнюю таблицу
[23:39:36]выводим дополнительные строки графика
[23:39:37]Завершение процесса...

-=-=-=-=-=-=-=-=-=-=-=-=-=-=-=-=-=-=-=-
[16.12.2013 23:46:59] Начало сеанса RSign
Открываю дорогу: Залари-Жигалово [id:471] источник: 356
[23:47:32]Пробую подключиться к AutoCAD
[23:47:32]Создание нового документа
[23:47:37]Считаем разметку...
[23:47:37][1/22] Выводим населенные пункты...
[23:47:37][2/22] Выводим план...
[23:47:40][3/22] Выводим участки по покрытиям...
[23:47:40][4/22] Выводим метрику дороги...
[23:47:40]Неизвестный тип метрики: 2385234
[23:47:40]Неизвестный тип метрики: 2385235
[23:47:40]Неизвестный тип метрики: 2385235
[23:47:40]Неизвестный тип метрики: 2385234
[23:47:40]Неизвестный тип метрики: 2385234
[23:47:40]Неизвестный тип метрики: 2385235
[23:47:40]Неизвестный тип метрики: 2385235
[23:47:41]Неизвестный тип метрики: 2385235
[23:47:41]Неизвестный тип метрики: 2385234
[23:47:41]Неизвестный тип метрики: 2385235
[23:47:41]Неизвестный тип метрики: 2385235
[23:47:41][5/22] Выводим профиль дороги...
[23:47:42][6/22] Выводим примыкания...
[23:47:42][7/22] Выводим площадки отдыха...
[23:47:44][8/22] Выводим дорожные знаки...
[ERROR][23:47:51]ошибка вывода блока: '6.10.1' (;-5e+03)
[ERROR][23:47:53]ошибка вывода блока: '6.10.1' (;5.6e+03)
[23:47:54][9/22] Выводим разметку...
[23:47:57][10/22] Выводим коммуникации...
[23:47:57][11/22] Выводим трубы...
[23:47:57][12/22] Выводим мосты...
[23:47:57][13/22] Выводим автобусные остановки...
[23:47:57][14/22] Выводим высоты насыпей...
[23:47:59]Ищем существующие ограждения тротуары и столбы освещения
[23:48:00][15/22] Выводим ограждения и сигнальные устройства...
[23:48:26][16/22] Выводим тротуары...
[23:48:26][17/22] Выводим фонари...
[23:48:26][18/22] Выводим бордюры...
[23:48:26][19/22] Выводим участки уклонов ...
[23:48:30][20/22] Выводим участки кривых ...
[23:48:32][21/22] выводим дополнительные строки из файлов в верхнюю таблицу
[23:48:32][22/22] выводим дополнительные строки из файлов в нижнюю таблицу
[23:48:32]выводим дополнительные строки графика
[23:48:32]Завершение процесса...
[16.12.2013 23:48:41] Завершение сеанса

-=-=-=-=-=-=-=-=-=-=-=-=-=-=-=-=-=-=-=-
[16.12.2013 23:48:50] Начало сеанса RSign
[23:49:15]Пробую подключиться к AutoCAD
[23:49:15]Создание нового документа
[23:49:21]Считаем разметку...
[23:49:21][1/22] Выводим населенные пункты...
[23:49:21][2/22] Выводим план...
[23:49:23][3/22] Выводим участки по покрытиям...
[23:49:23][4/22] Выводим метрику дороги...
[23:49:23]Неизвестный тип метрики: 2385234
[23:49:23]Неизвестный тип метрики: 2385235
[23:49:23]Неизвестный тип метрики: 2385235
[23:49:23]Неизвестный тип метрики: 2385234
[23:49:23]Неизвестный тип метрики: 2385234
[23:49:23]Неизвестный тип метрики: 2385235
[23:49:23]Неизвестный тип метрики: 2385235
[23:49:24]Неизвестный тип метрики: 2385235
[23:49:24]Неизвестный тип метрики: 2385234
[23:49:24]Неизвестный тип метрики: 2385235
[23:49:24]Неизвестный тип метрики: 2385235
[23:49:24][5/22] Выводим профиль дороги...
[23:49:25][6/22] Выводим примыкания...
[23:49:25][7/22] Выводим площадки отдыха...
[23:49:25][8/22] Выводим дорожные знаки...
[ERROR][23:49:33]ошибка вывода блока: '6.10.1' (1.1e+06;-5e+03)
[ERROR][23:49:35]ошибка вывода блока: '6.10.1' (1.2e+06;5.6e+03)
[23:49:36][9/22] Выводим разметку...
[23:49:38][10/22] Выводим коммуникации...
[23:49:38][11/22] Выводим трубы...
[23:49:39][12/22] Выводим мосты...
[23:49:39][13/22] Выводим автобусные остановки...
[23:49:39][14/22] Выводим высоты насыпей...
[23:49:39]Ищем существующие ограждения тротуары и столбы освещения
[23:49:39][15/22] Выводим ограждения и сигнальные устройства...
[23:50:03]Отмена
[16.12.2013 23:51:24] Завершение сеанса

-=-=-=-=-=-=-=-=-=-=-=-=-=-=-=-=-=-=-=-
[16.12.2013 23:54:07] Начало сеанса RSign
[23:54:24]Пробую подключиться к AutoCAD
[23:54:24]Создание нового документа
[23:54:29]Считаем разметку...
[23:54:29][1/22] Выводим населенные пункты...
[23:54:29][2/22] Выводим план...
[23:54:31][3/22] Выводим участки по покрытиям...
[23:54:31][4/22] Выводим метрику дороги...
[23:54:31]Неизвестный тип метрики: 2385234
[23:54:31]Неизвестный тип метрики: 2385235
[23:54:31]Неизвестный тип метрики: 2385235
[23:54:31]Неизвестный тип метрики: 2385234
[23:54:32]Неизвестный тип метрики: 2385234
[23:54:32]Неизвестный тип метрики: 2385235
[23:54:32]Неизвестный тип метрики: 2385235
[23:54:32]Неизвестный тип метрики: 2385235
[23:54:32]Неизвестный тип метрики: 2385234
[23:54:32]Неизвестный тип метрики: 2385235
[23:54:32]Неизвестный тип метрики: 2385235
[23:54:32][5/22] Выводим профиль дороги...
[23:54:34][6/22] Выводим примыкания...
[23:54:34][7/22] Выводим площадки отдыха...
[23:54:34][8/22] Выводим дорожные знаки...
[ERROR][23:54:41]ошибка вывода блока: '6.10.1' (1142600.00;-4986.00)
[ERROR][23:54:43]ошибка вывода блока: '6.10.1' (1167800.00;5634.00)
[23:54:44][9/22] Выводим разметку...
[23:54:46][10/22] Выводим коммуникации...
[23:54:46][11/22] Выводим трубы...
[23:54:47][12/22] Выводим мосты...
[23:54:47][13/22] Выводим автобусные остановки...
[23:54:47][14/22] Выводим высоты насыпей...
[23:54:48]Ищем существующие ограждения тротуары и столбы освещения
[23:54:49][15/22] Выводим ограждения и сигнальные устройства...
[23:55:16][16/22] Выводим тротуары...
[23:55:16][17/22] Выводим фонари...
[23:55:17][18/22] Выводим бордюры...
[23:55:17][19/22] Выводим участки уклонов ...
[23:55:20][20/22] Выводим участки кривых ...
[23:55:22][21/22] выводим дополнительные строки из файлов в верхнюю таблицу
[23:55:22][22/22] выводим дополнительные строки из файлов в нижнюю таблицу
[23:55:22]выводим дополнительные строки графика
[23:55:22]Завершение процесса...
[16.12.2013 23:55:33] Завершение сеанса

-=-=-=-=-=-=-=-=-=-=-=-=-=-=-=-=-=-=-=-
[17.12.2013 0:05:38] Начало сеанса RSign
[0:06:05]Пробую подключиться к AutoCAD
[0:06:05]Создание нового документа
[0:06:12]Считаем разметку...
[0:06:12][1/22] Выводим населенные пункты...
[0:06:12][2/22] Выводим план...
[0:06:13][3/22] Выводим участки по покрытиям...
[0:06:13][4/22] Выводим метрику дороги...
[0:06:13]Неизвестный тип метрики: 2385234
[0:06:14]Неизвестный тип метрики: 2385235
[0:06:14]Неизвестный тип метрики: 2385235
[0:06:14]Неизвестный тип метрики: 2385234
[0:06:14]Неизвестный тип метрики: 2385234
[0:06:14]Неизвестный тип метрики: 2385235
[0:06:14]Неизвестный тип метрики: 2385235
[0:06:14]Неизвестный тип метрики: 2385235
[0:06:14]Неизвестный тип метрики: 2385234
[0:06:14]Неизвестный тип метрики: 2385235
[0:06:14]Неизвестный тип метрики: 2385235
[0:06:14][5/22] Выводим профиль дороги...
[0:06:16][6/22] Выводим примыкания...
[0:06:16][7/22] Выводим площадки отдыха...
[0:06:17][8/22] Выводим дорожные знаки...
[ERROR][0:06:23]ошибка вывода блока: '6.10.1' (1142600.00;-4986.00)
[ERROR][0:06:23]ошибка вывода блока: '6.10.1' (1167800.00;5634.00)
[0:06:25][9/22] Выводим разметку...
[0:06:27][10/22] Выводим коммуникации...
[0:06:27][11/22] Выводим трубы...
[0:06:28][12/22] Выводим мосты...
[0:06:28][13/22] Выводим автобусные остановки...
[0:06:28][14/22] Выводим высоты насыпей...
[0:06:29]Ищем существующие ограждения тротуары и столбы освещения
[0:06:30][15/22] Выводим ограждения и сигнальные устройства...
[0:06:57][16/22] Выводим тротуары...
[0:06:57][17/22] Выводим фонари...
[0:06:57][18/22] Выводим бордюры...
[0:06:57][19/22] Выводим участки уклонов ...
[0:07:00][20/22] Выводим участки кривых ...
[0:07:02][21/22] выводим дополнительные строки из файлов в верхнюю таблицу
[0:07:02][22/22] выводим дополнительные строки из файлов в нижнюю таблицу
[0:07:02]выводим дополнительные строки графика
[0:07:02]Завершение процесса...
[17.12.2013 0:08:18] Завершение сеанса
