D:\Projects\RSign\AutoCAD\Качугский.dwg,Лист1,02.02.2012 15:40:42,Admin,DWG To PDF.pc3,ISO без полей A3 (297.00 x 420.00 мм),1:1,
D:\Projects\RSign\AutoCAD\Качугский.dwg,Лист1,02.02.2012 15:40:45,Admin,DWG To PDF.pc3,ISO без полей A3 (297.00 x 420.00 мм),1:1,
D:\Projects\RSign\AutoCAD\Качугский.dwg,Лист1,02.02.2012 15:40:48,Admin,DWG To PDF.pc3,ISO без полей A3 (297.00 x 420.00 мм),1:1,
D:\Projects\RSign\AutoCAD\Качугский.dwg,Лист1,02.02.2012 15:40:49,Admin,DWG To PDF.pc3,ISO без полей A3 (297.00 x 420.00 мм),1:1,
D:\Projects\RSign\AutoCAD\Качугский.dwg,Лист1,02.02.2012 15:40:50,Admin,DWG To PDF.pc3,ISO без полей A3 (297.00 x 420.00 мм),1:1,
D:\Projects\RSign\AutoCAD\Качугский.dwg,Лист1,02.02.2012 15:40:52,Admin,DWG To PDF.pc3,ISO без полей A3 (297.00 x 420.00 мм),1:1,
D:\Projects\RSign\AutoCAD\Качугский.dwg,Лист1,02.02.2012 15:40:53,Admin,DWG To PDF.pc3,ISO без полей A3 (297.00 x 420.00 мм),1:1,
D:\Projects\RSign\AutoCAD\Качугский.dwg,Лист1,02.02.2012 15:40:55,Admin,DWG To PDF.pc3,ISO без полей A3 (297.00 x 420.00 мм),1:1,
D:\Projects\RSign\AutoCAD\Качугский.dwg,Лист1,02.02.2012 15:40:59,Admin,DWG To PDF.pc3,ISO без полей A3 (297.00 x 420.00 мм),1:1,
D:\Projects\RSign\AutoCAD\Качугский.dwg,Лист1,02.02.2012 15:41:01,Admin,DWG To PDF.pc3,ISO без полей A3 (297.00 x 420.00 мм),1:1,
D:\Projects\RSign\AutoCAD\Качугский.dwg,Лист1,02.02.2012 15:41:03,Admin,DWG To PDF.pc3,ISO без полей A3 (297.00 x 420.00 мм),1:1,
D:\Projects\RSign\AutoCAD\Качугский.dwg,Лист1,02.02.2012 15:41:06,Admin,DWG To PDF.pc3,ISO без полей A3 (297.00 x 420.00 мм),1:1,
D:\Projects\RSign\AutoCAD\Качугский.dwg,Лист1,02.02.2012 15:41:09,Admin,DWG To PDF.pc3,ISO без полей A3 (297.00 x 420.00 мм),1:1,
D:\Projects\RSign\AutoCAD\Качугский.dwg,Лист1,02.02.2012 15:41:11,Admin,DWG To PDF.pc3,ISO без полей A3 (297.00 x 420.00 мм),1:1,
D:\Projects\RSign\AutoCAD\Качугский.dwg,Лист1,02.02.2012 15:41:13,Admin,DWG To PDF.pc3,ISO без полей A3 (297.00 x 420.00 мм),1:1,
D:\Projects\RSign\AutoCAD\Качугский.dwg,Лист1,02.02.2012 15:41:15,Admin,DWG To PDF.pc3,ISO без полей A3 (297.00 x 420.00 мм),1:1,
D:\Projects\RSign\AutoCAD\Качугский.dwg,Лист1,02.02.2012 15:41:18,Admin,DWG To PDF.pc3,ISO без полей A3 (297.00 x 420.00 мм),1:1,
D:\Projects\RSign\AutoCAD\Качугский.dwg,Лист1,02.02.2012 15:41:22,Admin,DWG To PDF.pc3,ISO без полей A3 (297.00 x 420.00 мм),1:1,
D:\Projects\RSign\AutoCAD\Качугский.dwg,Лист1,02.02.2012 15:41:24,Admin,DWG To PDF.pc3,ISO без полей A3 (297.00 x 420.00 мм),1:1,
D:\Projects\RSign\AutoCAD\Качугский.dwg,Лист1,02.02.2012 15:41:27,Admin,DWG To PDF.pc3,ISO без полей A3 (297.00 x 420.00 мм),1:1,
D:\Projects\RSign\AutoCAD\Качугский.dwg,Лист1,02.02.2012 15:41:30,Admin,DWG To PDF.pc3,ISO без полей A3 (297.00 x 420.00 мм),1:1,
D:\Projects\RSign\AutoCAD\Качугский.dwg,Лист1,02.02.2012 15:41:32,Admin,DWG To PDF.pc3,ISO без полей A3 (297.00 x 420.00 мм),1:1,
D:\Projects\RSign\AutoCAD\Качугский.dwg,Лист1,02.02.2012 15:41:34,Admin,DWG To PDF.pc3,ISO без полей A3 (297.00 x 420.00 мм),1:1,
D:\Projects\RSign\AutoCAD\Качугский.dwg,Лист1,02.02.2012 15:41:35,Admin,DWG To PDF.pc3,ISO без полей A3 (297.00 x 420.00 мм),1:1,
D:\Projects\RSign\AutoCAD\Качугский.dwg,Лист1,02.02.2012 15:41:37,Admin,DWG To PDF.pc3,ISO без полей A3 (297.00 x 420.00 мм),1:1,
D:\Projects\RSign\AutoCAD\Качугский.dwg,Лист1,02.02.2012 15:41:38,Admin,DWG To PDF.pc3,ISO без полей A3 (297.00 x 420.00 мм),1:1,
D:\Projects\RSign\AutoCAD\Качугский.dwg,Лист1,02.02.2012 15:41:41,Admin,DWG To PDF.pc3,ISO без полей A3 (297.00 x 420.00 мм),1:1,
D:\Projects\RSign\AutoCAD\Качугский.dwg,Лист1,02.02.2012 15:41:42,Admin,DWG To PDF.pc3,ISO без полей A3 (297.00 x 420.00 мм),1:1,
D:\Projects\RSign\AutoCAD\Качугский.dwg,Лист1,02.02.2012 15:41:44,Admin,DWG To PDF.pc3,ISO без полей A3 (297.00 x 420.00 мм),1:1,
D:\Projects\RSign\AutoCAD\Качугский.dwg,Лист1,02.02.2012 15:41:46,Admin,DWG To PDF.pc3,ISO без полей A3 (297.00 x 420.00 мм),1:1,
D:\Projects\RSign\AutoCAD\Качугский.dwg,Лист1,02.02.2012 15:41:47,Admin,DWG To PDF.pc3,ISO без полей A3 (297.00 x 420.00 мм),1:1,
D:\Projects\RSign\AutoCAD\Качугский.dwg,Лист1,02.02.2012 15:41:49,Admin,DWG To PDF.pc3,ISO без полей A3 (297.00 x 420.00 мм),1:1,
D:\Projects\RSign\AutoCAD\Качугский.dwg,Лист1,02.02.2012 15:41:51,Admin,DWG To PDF.pc3,ISO без полей A3 (297.00 x 420.00 мм),1:1,
D:\Projects\RSign\AutoCAD\Качугский.dwg,Лист1,02.02.2012 15:41:53,Admin,DWG To PDF.pc3,ISO без полей A3 (297.00 x 420.00 мм),1:1,
D:\Projects\RSign\AutoCAD\Качугский.dwg,Лист1,02.02.2012 15:41:58,Admin,DWG To PDF.pc3,ISO без полей A3 (297.00 x 420.00 мм),1:1,
D:\Projects\RSign\AutoCAD\Качугский.dwg,Лист1,02.02.2012 15:42:00,Admin,DWG To PDF.pc3,ISO без полей A3 (297.00 x 420.00 мм),1:1,
D:\Projects\RSign\AutoCAD\Качугский.dwg,Лист1,02.02.2012 15:42:02,Admin,DWG To PDF.pc3,ISO без полей A3 (297.00 x 420.00 мм),1:1,
D:\Projects\RSign\AutoCAD\Качугский.dwg,Лист1,02.02.2012 15:42:03,Admin,DWG To PDF.pc3,ISO без полей A3 (297.00 x 420.00 мм),1:1,
D:\Projects\RSign\AutoCAD\Качугский.dwg,Лист1,02.02.2012 15:42:05,Admin,DWG To PDF.pc3,ISO без полей A3 (297.00 x 420.00 мм),1:1,
D:\Projects\RSign\AutoCAD\Качугский.dwg,Лист1,02.02.2012 15:42:07,Admin,DWG To PDF.pc3,ISO без полей A3 (297.00 x 420.00 мм),1:1,
D:\Projects\RSign\AutoCAD\Качугский.dwg,Лист1,02.02.2012 15:42:09,Admin,DWG To PDF.pc3,ISO без полей A3 (297.00 x 420.00 мм),1:1,
D:\Projects\RSign\AutoCAD\Качугский.dwg,Лист1,02.02.2012 15:42:10,Admin,DWG To PDF.pc3,ISO без полей A3 (297.00 x 420.00 мм),1:1,
D:\Projects\RSign\AutoCAD\Качугский.dwg,Лист1,02.02.2012 15:42:14,Admin,DWG To PDF.pc3,ISO без полей A3 (297.00 x 420.00 мм),1:1,
D:\Projects\RSign\AutoCAD\Качугский.dwg,Лист1,02.02.2012 15:42:18,Admin,DWG To PDF.pc3,ISO без полей A3 (297.00 x 420.00 мм),1:1,
D:\Projects\RSign\AutoCAD\Качугский.dwg,Лист1,02.02.2012 15:42:19,Admin,DWG To PDF.pc3,ISO без полей A3 (297.00 x 420.00 мм),1:1,
D:\Projects\RSign\AutoCAD\Качугский.dwg,Лист1,02.02.2012 15:42:22,Admin,DWG To PDF.pc3,ISO без полей A3 (297.00 x 420.00 мм),1:1,
D:\Projects\RSign\AutoCAD\Качугский.dwg,Лист1,02.02.2012 15:42:27,Admin,DWG To PDF.pc3,ISO без полей A3 (297.00 x 420.00 мм),1:1,
D:\Projects\RSign\AutoCAD\Качугский.dwg,Лист1,02.02.2012 15:42:28,Admin,DWG To PDF.pc3,ISO без полей A3 (297.00 x 420.00 мм),1:1,
D:\Projects\RSign\AutoCAD\Качугский.dwg,Лист1,02.02.2012 15:42:30,Admin,DWG To PDF.pc3,ISO без полей A3 (297.00 x 420.00 мм),1:1,
D:\Projects\RSign\AutoCAD\Качугский.dwg,Лист1,02.02.2012 15:42:31,Admin,DWG To PDF.pc3,ISO без полей A3 (297.00 x 420.00 мм),1:1,
D:\Projects\RSign\AutoCAD\Качугский.dwg,Лист1,02.02.2012 15:42:33,Admin,DWG To PDF.pc3,ISO без полей A3 (297.00 x 420.00 мм),1:1,
D:\Projects\RSign\AutoCAD\Качугский.dwg,Лист1,02.02.2012 15:42:34,Admin,DWG To PDF.pc3,ISO без полей A3 (297.00 x 420.00 мм),1:1,
D:\Projects\RSign\AutoCAD\Качугский.dwg,Лист1,02.02.2012 15:42:35,Admin,DWG To PDF.pc3,ISO без полей A3 (297.00 x 420.00 мм),1:1,
D:\Projects\RSign\AutoCAD\Качугский.dwg,Лист1,02.02.2012 15:42:38,Admin,DWG To PDF.pc3,ISO без полей A3 (297.00 x 420.00 мм),1:1,
D:\Projects\RSign\AutoCAD\Качугский.dwg,Лист1,02.02.2012 15:42:40,Admin,DWG To PDF.pc3,ISO без полей A3 (297.00 x 420.00 мм),1:1,
D:\Projects\RSign\AutoCAD\Качугский.dwg,Лист1,02.02.2012 15:42:43,Admin,DWG To PDF.pc3,ISO без полей A3 (297.00 x 420.00 мм),1:1,
D:\Projects\RSign\AutoCAD\Качугский.dwg,Лист1,02.02.2012 15:42:44,Admin,DWG To PDF.pc3,ISO без полей A3 (297.00 x 420.00 мм),1:1,
D:\Projects\RSign\AutoCAD\Качугский.dwg,Лист1,02.02.2012 15:42:46,Admin,DWG To PDF.pc3,ISO без полей A3 (297.00 x 420.00 мм),1:1,
D:\Projects\RSign\AutoCAD\Качугский.dwg,Лист1,02.02.2012 15:42:47,Admin,DWG To PDF.pc3,ISO без полей A3 (297.00 x 420.00 мм),1:1,
D:\Projects\RSign\AutoCAD\Качугский.dwg,Лист1,02.02.2012 15:42:49,Admin,DWG To PDF.pc3,ISO без полей A3 (297.00 x 420.00 мм),1:1,
D:\Projects\RSign\AutoCAD\Качугский.dwg,Лист1,02.02.2012 15:42:51,Admin,DWG To PDF.pc3,ISO без полей A3 (297.00 x 420.00 мм),1:1,
D:\Projects\RSign\AutoCAD\Качугский.dwg,Лист1,02.02.2012 15:42:54,Admin,DWG To PDF.pc3,ISO без полей A3 (297.00 x 420.00 мм),1:1,
D:\Projects\RSign\AutoCAD\Качугский.dwg,Лист1,02.02.2012 15:42:56,Admin,DWG To PDF.pc3,ISO без полей A3 (297.00 x 420.00 мм),1:1,
D:\Projects\RSign\AutoCAD\Качугский.dwg,Лист1,02.02.2012 15:42:58,Admin,DWG To PDF.pc3,ISO без полей A3 (297.00 x 420.00 мм),1:1,
D:\Projects\RSign\AutoCAD\Качугский.dwg,Лист1,02.02.2012 15:43:00,Admin,DWG To PDF.pc3,ISO без полей A3 (297.00 x 420.00 мм),1:1,
D:\Projects\RSign\AutoCAD\Качугский.dwg,Лист1,02.02.2012 15:43:02,Admin,DWG To PDF.pc3,ISO без полей A3 (297.00 x 420.00 мм),1:1,
D:\Projects\RSign\AutoCAD\Качугский.dwg,Лист1,02.02.2012 15:43:04,Admin,DWG To PDF.pc3,ISO без полей A3 (297.00 x 420.00 мм),1:1,
D:\Projects\RSign\AutoCAD\Качугский.dwg,Лист1,02.02.2012 15:43:07,Admin,DWG To PDF.pc3,ISO без полей A3 (297.00 x 420.00 мм),1:1,
D:\Projects\RSign\AutoCAD\Качугский.dwg,Лист1,02.02.2012 15:43:12,Admin,DWG To PDF.pc3,ISO без полей A3 (297.00 x 420.00 мм),1:1,
D:\Projects\RSign\AutoCAD\Качугский.dwg,Лист1,02.02.2012 15:43:16,Admin,DWG To PDF.pc3,ISO без полей A3 (297.00 x 420.00 мм),1:1,
C:\Documents and Settings\Admin\Рабочий стол\Иркутский_пп.dwg,Лист1,27.03.2012 15:38:14,Admin,DWG To PDF.pc3,ISO без полей A3 (297.00 x 420.00 мм),1:1,
C:\Documents and Settings\Admin\Рабочий стол\Иркутский_пп.dwg,Лист1,27.03.2012 15:38:18,Admin,DWG To PDF.pc3,ISO без полей A3 (297.00 x 420.00 мм),1:1,
C:\Documents and Settings\Admin\Рабочий стол\Иркутский_пп.dwg,Лист1,27.03.2012 15:38:23,Admin,DWG To PDF.pc3,ISO без полей A3 (297.00 x 420.00 мм),1:1,
C:\Documents and Settings\Admin\Рабочий стол\Иркутский_пп.dwg,Лист1,27.03.2012 15:38:25,Admin,DWG To PDF.pc3,ISO без полей A3 (297.00 x 420.00 мм),1:1,
C:\Documents and Settings\Admin\Рабочий стол\Иркутский_пп.dwg,Лист1,27.03.2012 15:38:41,Admin,DWG To PDF.pc3,ISO без полей A3 (297.00 x 420.00 мм),1:1,
C:\Documents and Settings\Admin\Рабочий стол\Иркутский_пп.dwg,Лист1,27.03.2012 15:44:28,Admin,DWG To PDF.pc3,ISO без полей A3 (297.00 x 420.00 мм),1:1,
C:\Documents and Settings\Admin\Рабочий стол\Иркутский_пп.dwg,Лист1,27.03.2012 15:44:33,Admin,DWG To PDF.pc3,ISO без полей A3 (297.00 x 420.00 мм),1:1,
C:\Documents and Settings\Admin\Рабочий стол\Иркутский_пп.dwg,Лист1,27.03.2012 15:44:36,Admin,DWG To PDF.pc3,ISO без полей A3 (297.00 x 420.00 мм),1:1,
C:\Documents and Settings\Admin\Рабочий стол\Иркутский_пп.dwg,Лист1,27.03.2012 15:44:39,Admin,DWG To PDF.pc3,ISO без полей A3 (297.00 x 420.00 мм),1:1,
C:\Documents and Settings\Admin\Рабочий стол\Иркутский_пп.dwg,Лист1,27.03.2012 15:44:41,Admin,DWG To PDF.pc3,ISO без полей A3 (297.00 x 420.00 мм),1:1,
D:\_MMK\SVPD\Районы\Иркутский_пп.dwg,Лист1,27.03.2012 15:47:55,Admin,DWG To PDF.pc3,ISO без полей A3 (297.00 x 420.00 мм),1:1,
D:\_MMK\SVPD\Районы\Иркутский_пп.dwg,Лист1,27.03.2012 15:48:11,Admin,DWG To PDF.pc3,ISO без полей A3 (297.00 x 420.00 мм),1:1,
D:\_MMK\SVPD\Районы\Иркутский_пп.dwg,Лист1,27.03.2012 15:48:29,Admin,DWG To PDF.pc3,ISO без полей A3 (297.00 x 420.00 мм),1:1,
D:\_MMK\SVPD\Районы\Иркутский_пп.dwg,Лист1,27.03.2012 15:48:43,Admin,DWG To PDF.pc3,ISO без полей A3 (297.00 x 420.00 мм),1:1,
D:\_MMK\SVPD\Районы\Иркутский_пп.dwg,Лист1,27.03.2012 15:48:51,Admin,DWG To PDF.pc3,ISO без полей A3 (297.00 x 420.00 мм),1:1,
D:\_MMK\SVPD\Районы\Иркутский_пп.dwg,Лист1,27.03.2012 15:49:09,Admin,DWG To PDF.pc3,ISO без полей A3 (297.00 x 420.00 мм),1:1,
D:\_MMK\SVPD\Районы\Иркутский_пп.dwg,Лист1,27.03.2012 15:49:23,Admin,DWG To PDF.pc3,ISO без полей A3 (297.00 x 420.00 мм),1:1,
D:\_MMK\Дороги 2012\Усть-Ордынский - Качуг\Усть-Ордынский-Качуг(Эхирит-Булагатский).dwg,Лист1,15.02.2013 23:57:08,M,DWG To PDF.pc3,ISO без полей A3 (297.00 x 420.00 мм),1:1,
D:\_MMK\Дороги 2012\Усть-Ордынский - Качуг\Усть-Ордынский-Качуг(Эхирит-Булагатский).dwg,Лист1,15.02.2013 23:57:09,M,DWG To PDF.pc3,ISO без полей A3 (297.00 x 420.00 мм),1:1,
D:\_MMK\Дороги 2012\Усть-Ордынский - Качуг\Усть-Ордынский-Качуг(Эхирит-Булагатский).dwg,Лист1,15.02.2013 23:57:11,M,DWG To PDF.pc3,ISO без полей A3 (297.00 x 420.00 мм),1:1,
D:\_MMK\Дороги 2012\Усть-Ордынский - Качуг\Усть-Ордынский-Качуг(Эхирит-Булагатский).dwg,Лист1,15.02.2013 23:57:12,M,DWG To PDF.pc3,ISO без полей A3 (297.00 x 420.00 мм),1:1,
D:\_MMK\Дороги 2012\Усть-Ордынский - Качуг\Усть-Ордынский-Качуг(Эхирит-Булагатский).dwg,Лист1,15.02.2013 23:57:13,M,DWG To PDF.pc3,ISO без полей A3 (297.00 x 420.00 мм),1:1,
D:\_MMK\Дороги 2012\Усть-Ордынский - Качуг\Усть-Ордынский-Качуг(Эхирит-Булагатский).dwg,Лист1,15.02.2013 23:57:14,M,DWG To PDF.pc3,ISO без полей A3 (297.00 x 420.00 мм),1:1,
D:\_MMK\Дороги 2012\Усть-Ордынский - Качуг\Усть-Ордынский-Качуг(Эхирит-Булагатский).dwg,Лист1,15.02.2013 23:57:15,M,DWG To PDF.pc3,ISO без полей A3 (297.00 x 420.00 мм),1:1,
D:\_MMK\Дороги 2012\Усть-Ордынский - Качуг\Усть-Ордынский-Качуг(Эхирит-Булагатский).dwg,Лист1,15.02.2013 23:57:17,M,DWG To PDF.pc3,ISO без полей A3 (297.00 x 420.00 мм),1:1,
D:\_MMK\Дороги 2012\Усть-Ордынский - Качуг\Усть-Ордынский-Качуг(Эхирит-Булагатский).dwg,Лист1,15.02.2013 23:57:18,M,DWG To PDF.pc3,ISO без полей A3 (297.00 x 420.00 мм),1:1,
D:\_MMK\Дороги 2012\Усть-Ордынский - Качуг\Усть-Ордынский-Качуг(Эхирит-Булагатский).dwg,Лист1,15.02.2013 23:57:19,M,DWG To PDF.pc3,ISO без полей A3 (297.00 x 420.00 мм),1:1,
D:\_MMK\Дороги 2012\Усть-Ордынский - Качуг\Усть-Ордынский-Качуг(Эхирит-Булагатский).dwg,Лист1,15.02.2013 23:57:20,M,DWG To PDF.pc3,ISO без полей A3 (297.00 x 420.00 мм),1:1,
D:\_MMK\Дороги 2012\Усть-Ордынский - Качуг\Усть-Ордынский-Качуг(Эхирит-Булагатский).dwg,Лист1,15.02.2013 23:57:22,M,DWG To PDF.pc3,ISO без полей A3 (297.00 x 420.00 мм),1:1,
D:\_MMK\Дороги 2012\Усть-Ордынский - Качуг\Усть-Ордынский-Качуг(Эхирит-Булагатский).dwg,Лист1,15.02.2013 23:57:22,M,DWG To PDF.pc3,ISO без полей A3 (297.00 x 420.00 мм),1:1,
D:\_MMK\Дороги 2012\Усть-Ордынский - Качуг\Усть-Ордынский-Качуг(Эхирит-Булагатский).dwg,Лист1,15.02.2013 23:57:24,M,DWG To PDF.pc3,ISO без полей A3 (297.00 x 420.00 мм),1:1,
D:\_MMK\Дороги 2012\Усть-Ордынский - Качуг\Усть-Ордынский-Качуг(Эхирит-Булагатский).dwg,Лист1,15.02.2013 23:57:24,M,DWG To PDF.pc3,ISO без полей A3 (297.00 x 420.00 мм),1:1,
D:\_MMK\Дороги 2012\Усть-Ордынский - Качуг\Усть-Ордынский-Качуг(Эхирит-Булагатский).dwg,Лист1,15.02.2013 23:57:25,M,DWG To PDF.pc3,ISO без полей A3 (297.00 x 420.00 мм),1:1,
D:\_MMK\Дороги 2012\Усть-Ордынский - Качуг\Усть-Ордынский-Качуг(Эхирит-Булагатский).dwg,Лист1,15.02.2013 23:57:27,M,DWG To PDF.pc3,ISO без полей A3 (297.00 x 420.00 мм),1:1,
D:\_MMK\Дороги 2012\Усть-Ордынский - Качуг\Усть-Ордынский-Качуг(Эхирит-Булагатский).dwg,Лист1,15.02.2013 23:57:28,M,DWG To PDF.pc3,ISO без полей A3 (297.00 x 420.00 мм),1:1,
D:\_MMK\Дороги 2012\Усть-Ордынский - Качуг\Усть-Ордынский-Качуг(Эхирит-Булагатский).dwg,Лист1,15.02.2013 23:57:29,M,DWG To PDF.pc3,ISO без полей A3 (297.00 x 420.00 мм),1:1,
D:\_MMK\Дороги 2012\Усть-Ордынский - Качуг\Усть-Ордынский-Качуг(Эхирит-Булагатский).dwg,Лист1,15.02.2013 23:57:30,M,DWG To PDF.pc3,ISO без полей A3 (297.00 x 420.00 мм),1:1,
D:\_MMK\Дороги 2012\Усть-Ордынский - Качуг\Усть-Ордынский-Качуг(Эхирит-Булагатский).dwg,Лист1,15.02.2013 23:57:31,M,DWG To PDF.pc3,ISO без полей A3 (297.00 x 420.00 мм),1:1,
D:\_MMK\Дороги 2012\Усть-Ордынский - Качуг\Усть-Ордынский-Качуг(Эхирит-Булагатский).dwg,Лист1,15.02.2013 23:57:32,M,DWG To PDF.pc3,ISO без полей A3 (297.00 x 420.00 мм),1:1,
D:\_MMK\Дороги 2012\Усть-Ордынский - Качуг\Усть-Ордынский-Качуг(Эхирит-Булагатский).dwg,Лист1,15.02.2013 23:57:33,M,DWG To PDF.pc3,ISO без полей A3 (297.00 x 420.00 мм),1:1,
D:\_MMK\Дороги 2012\Усть-Ордынский - Качуг\Усть-Ордынский-Качуг(Эхирит-Булагатский).dwg,Лист1,15.02.2013 23:57:35,M,DWG To PDF.pc3,ISO без полей A3 (297.00 x 420.00 мм),1:1,
D:\_MMK\Дороги 2012\Усть-Ордынский - Качуг\Усть-Ордынский-Качуг(Эхирит-Булагатский).dwg,Лист1,15.02.2013 23:57:36,M,DWG To PDF.pc3,ISO без полей A3 (297.00 x 420.00 мм),1:1,
D:\_MMK\Дороги 2012\Усть-Ордынский - Качуг\Усть-Ордынский-Качуг(Эхирит-Булагатский).dwg,Лист1,15.02.2013 23:57:37,M,DWG To PDF.pc3,ISO без полей A3 (297.00 x 420.00 мм),1:1,
D:\_MMK\Дороги 2012\Усть-Ордынский - Качуг\Усть-Ордынский-Качуг(Эхирит-Булагатский).dwg,Лист1,15.02.2013 23:57:39,M,DWG To PDF.pc3,ISO без полей A3 (297.00 x 420.00 мм),1:1,
D:\_MMK\Дороги 2012\Усть-Ордынский - Качуг\Усть-Ордынский-Качуг(Эхирит-Булагатский).dwg,Лист1,15.02.2013 23:57:40,M,DWG To PDF.pc3,ISO без полей A3 (297.00 x 420.00 мм),1:1,
D:\_MMK\Дороги 2012\Усть-Ордынский - Качуг\Усть-Ордынский-Качуг(Эхирит-Булагатский).dwg,Лист1,15.02.2013 23:57:41,M,DWG To PDF.pc3,ISO без полей A3 (297.00 x 420.00 мм),1:1,
D:\_MMK\Дороги 2012\Усть-Ордынский - Качуг\Усть-Ордынский-Качуг(Эхирит-Булагатский).dwg,Лист1,15.02.2013 23:57:42,M,DWG To PDF.pc3,ISO без полей A3 (297.00 x 420.00 мм),1:1,
D:\_MMK\Дороги 2012\Усть-Ордынский - Качуг\Усть-Ордынский-Качуг(Эхирит-Булагатский).dwg,Лист1,15.02.2013 23:57:44,M,DWG To PDF.pc3,ISO без полей A3 (297.00 x 420.00 мм),1:1,
D:\_MMK\Дороги 2012\Усть-Ордынский - Качуг\Усть-Ордынский-Качуг(Эхирит-Булагатский).dwg,Лист1,15.02.2013 23:57:45,M,DWG To PDF.pc3,ISO без полей A3 (297.00 x 420.00 мм),1:1,
D:\_MMK\Дороги 2012\Усть-Ордынский - Качуг\Усть-Ордынский-Качуг(Эхирит-Булагатский).dwg,Лист1,15.02.2013 23:57:46,M,DWG To PDF.pc3,ISO без полей A3 (297.00 x 420.00 мм),1:1,
D:\_MMK\Дороги 2012\Усть-Ордынский - Качуг\Усть-Ордынский-Качуг(Эхирит-Булагатский).dwg,Лист1,15.02.2013 23:57:49,M,DWG To PDF.pc3,ISO без полей A3 (297.00 x 420.00 мм),1:1,
D:\_MMK\Дороги 2012\Усть-Ордынский - Качуг\Усть-Ордынский-Качуг(Эхирит-Булагатский).dwg,Лист1,15.02.2013 23:57:50,M,DWG To PDF.pc3,ISO без полей A3 (297.00 x 420.00 мм),1:1,
D:\_MMK\Дороги 2012\Усть-Ордынский - Качуг\Усть-Ордынский-Качуг(Эхирит-Булагатский).dwg,Лист1,15.02.2013 23:57:51,M,DWG To PDF.pc3,ISO без полей A3 (297.00 x 420.00 мм),1:1,
D:\_MMK\Дороги 2012\Усть-Ордынский - Качуг\Усть-Ордынский-Качуг(Эхирит-Булагатский).dwg,Лист1,15.02.2013 23:57:52,M,DWG To PDF.pc3,ISO без полей A3 (297.00 x 420.00 мм),1:1,
D:\_MMK\Дороги 2012\Усть-Ордынский - Качуг\Усть-Ордынский-Качуг(Эхирит-Булагатский).dwg,Лист1,15.02.2013 23:57:53,M,DWG To PDF.pc3,ISO без полей A3 (297.00 x 420.00 мм),1:1,
D:\_MMK\Дороги 2012\Усть-Ордынский - Качуг\Усть-Ордынский-Качуг(Эхирит-Булагатский).dwg,Лист1,15.02.2013 23:57:54,M,DWG To PDF.pc3,ISO без полей A3 (297.00 x 420.00 мм),1:1,
D:\_MMK\Дороги 2012\Усть-Ордынский - Качуг\Усть-Ордынский-Качуг(Эхирит-Булагатский).dwg,Лист1,15.02.2013 23:57:55,M,DWG To PDF.pc3,ISO без полей A3 (297.00 x 420.00 мм),1:1,
D:\_MMK\Дороги 2012\Аларский Район\DWG\ПОДД\Кутулик-Аляты (Аларский).dwg,Лист1,26.03.2013 21:49:25,M,DWG To PDF.pc3,ISO без полей A3 (297.00 x 420.00 мм),1:1,
D:\_MMK\Дороги 2012\Аларский Район\DWG\ПОДД\Кутулик-Аляты (Аларский).dwg,Лист1,26.03.2013 21:49:26,M,DWG To PDF.pc3,ISO без полей A3 (297.00 x 420.00 мм),1:1,
D:\_MMK\Дороги 2012\Аларский Район\DWG\ПОДД\Кутулик-Аляты (Аларский).dwg,Лист1,26.03.2013 21:49:27,M,DWG To PDF.pc3,ISO без полей A3 (297.00 x 420.00 мм),1:1,
D:\_MMK\Дороги 2012\Аларский Район\DWG\ПОДД\Кутулик-Аляты (Аларский).dwg,Лист1,26.03.2013 21:49:28,M,DWG To PDF.pc3,ISO без полей A3 (297.00 x 420.00 мм),1:1,
D:\_MMK\Дороги 2012\Аларский Район\DWG\ПОДД\Кутулик-Аляты (Аларский).dwg,Лист1,26.03.2013 21:49:29,M,DWG To PDF.pc3,ISO без полей A3 (297.00 x 420.00 мм),1:1,
D:\_MMK\Дороги 2012\Аларский Район\DWG\ПОДД\Кутулик-Аляты (Аларский).dwg,Лист1,26.03.2013 21:49:30,M,DWG To PDF.pc3,ISO без полей A3 (297.00 x 420.00 мм),1:1,
D:\_MMK\Дороги 2012\Аларский Район\DWG\ПОДД\Кутулик-Аляты (Аларский).dwg,Лист1,26.03.2013 21:49:30,M,DWG To PDF.pc3,ISO без полей A3 (297.00 x 420.00 мм),1:1,
D:\_MMK\Дороги 2012\Аларский Район\DWG\ПОДД\Кутулик-Аляты (Аларский).dwg,Лист1,26.03.2013 21:49:31,M,DWG To PDF.pc3,ISO без полей A3 (297.00 x 420.00 мм),1:1,
D:\_MMK\Дороги 2012\Аларский Район\DWG\ПОДД\Кутулик-Аляты (Аларский).dwg,Лист1,26.03.2013 21:49:32,M,DWG To PDF.pc3,ISO без полей A3 (297.00 x 420.00 мм),1:1,
D:\_MMK\Дороги 2012\Аларский Район\DWG\ПОДД\Кутулик-Аляты (Аларский).dwg,Лист1,26.03.2013 21:49:33,M,DWG To PDF.pc3,ISO без полей A3 (297.00 x 420.00 мм),1:1,
D:\_MMK\Дороги 2012\Аларский Район\DWG\ПОДД\Кутулик-Аляты (Аларский).dwg,Лист1,26.03.2013 21:49:34,M,DWG To PDF.pc3,ISO без полей A3 (297.00 x 420.00 мм),1:1,
D:\_MMK\Дороги 2012\Аларский Район\DWG\ПОДД\Кутулик-Аляты (Аларский).dwg,Лист1,26.03.2013 21:49:35,M,DWG To PDF.pc3,ISO без полей A3 (297.00 x 420.00 мм),1:1,
D:\_MMK\Дороги 2012\Аларский Район\DWG\ПОДД\Кутулик-Аляты (Аларский).dwg,Лист1,26.03.2013 21:49:35,M,DWG To PDF.pc3,ISO без полей A3 (297.00 x 420.00 мм),1:1,
D:\_MMK\Дороги 2012\Аларский Район\DWG\ПОДД\Кутулик-Аляты (Аларский).dwg,Лист1,26.03.2013 21:49:36,M,DWG To PDF.pc3,ISO без полей A3 (297.00 x 420.00 мм),1:1,
D:\_MMK\Дороги 2012\Аларский Район\DWG\ПОДД\Кутулик-Аляты (Аларский).dwg,Лист1,26.03.2013 21:49:37,M,DWG To PDF.pc3,ISO без полей A3 (297.00 x 420.00 мм),1:1,
D:\_MMK\Дороги 2012\Аларский Район\DWG\ПОДД\Кутулик-Аляты (Аларский).dwg,Лист1,26.03.2013 21:49:37,M,DWG To PDF.pc3,ISO без полей A3 (297.00 x 420.00 мм),1:1,
D:\_MMK\Дороги 2012\Аларский Район\DWG\ПОДД\Кутулик-Аляты (Аларский).dwg,Лист1,26.03.2013 21:49:38,M,DWG To PDF.pc3,ISO без полей A3 (297.00 x 420.00 мм),1:1,
D:\_MMK\Дороги 2012\Аларский Район\DWG\ПОДД\Кутулик-Аляты (Аларский).dwg,Лист1,26.03.2013 21:49:38,M,DWG To PDF.pc3,ISO без полей A3 (297.00 x 420.00 мм),1:1,
D:\_MMK\Дороги 2012\Аларский Район\DWG\ПОДД\Кутулик-Аляты (Аларский).dwg,Лист1,26.03.2013 21:49:39,M,DWG To PDF.pc3,ISO без полей A3 (297.00 x 420.00 мм),1:1,
D:\_MMK\Дороги 2012\Аларский Район\DWG\ПОДД\Кутулик-Аляты (Аларский).dwg,Лист1,26.03.2013 21:49:40,M,DWG To PDF.pc3,ISO без полей A3 (297.00 x 420.00 мм),1:1,
D:\_MMK\Дороги 2012\Аларский Район\DWG\ПОДД\Кутулик-Аляты (Аларский).dwg,Лист1,26.03.2013 21:49:41,M,DWG To PDF.pc3,ISO без полей A3 (297.00 x 420.00 мм),1:1,
D:\_MMK\Дороги 2012\Аларский Район\DWG\ПОДД\Кутулик-Аляты (Аларский).dwg,Лист1,26.03.2013 21:49:42,M,DWG To PDF.pc3,ISO без полей A3 (297.00 x 420.00 мм),1:1,
D:\_MMK\Дороги 2012\Аларский Район\DWG\ПОДД\Кутулик-Аляты (Аларский).dwg,Лист1,26.03.2013 21:49:42,M,DWG To PDF.pc3,ISO без полей A3 (297.00 x 420.00 мм),1:1,
D:\_MMK\Дороги 2012\Аларский Район\DWG\ПОДД\Кутулик-Аляты (Аларский).dwg,Лист1,26.03.2013 21:49:43,M,DWG To PDF.pc3,ISO без полей A3 (297.00 x 420.00 мм),1:1,
D:\_MMK\Дороги 2012\Аларский Район\DWG\ПОДД\Кутулик-Аляты (Аларский).dwg,Лист1,26.03.2013 21:49:44,M,DWG To PDF.pc3,ISO без полей A3 (297.00 x 420.00 мм),1:1,
D:\_MMK\Дороги 2012\Аларский Район\DWG\ПОДД\Кутулик-Аляты (Аларский).dwg,Лист1,26.03.2013 21:49:44,M,DWG To PDF.pc3,ISO без полей A3 (297.00 x 420.00 мм),1:1,
D:\_MMK\Дороги 2012\Аларский Район\DWG\ПОДД\Кутулик-Аляты (Аларский).dwg,Лист1,26.03.2013 21:49:45,M,DWG To PDF.pc3,ISO без полей A3 (297.00 x 420.00 мм),1:1,
D:\_MMK\Дороги 2012\Аларский Район\DWG\ПОДД\Кутулик-Аляты (Аларский).dwg,Лист1,26.03.2013 21:49:46,M,DWG To PDF.pc3,ISO без полей A3 (297.00 x 420.00 мм),1:1,
D:\_MMK\Дороги 2012\Аларский Район\DWG\ПОДД\Кутулик-Аляты (Аларский).dwg,Лист1,26.03.2013 21:49:46,M,DWG To PDF.pc3,ISO без полей A3 (297.00 x 420.00 мм),1:1,
D:\_MMK\Дороги 2012\Аларский Район\DWG\ПОДД\Кутулик-Аляты (Аларский).dwg,Лист1,26.03.2013 21:49:47,M,DWG To PDF.pc3,ISO без полей A3 (297.00 x 420.00 мм),1:1,
D:\_MMK\Дороги 2012\Аларский Район\DWG\ПОДД\Кутулик-Аляты (Аларский).dwg,Лист1,26.03.2013 21:49:48,M,DWG To PDF.pc3,ISO без полей A3 (297.00 x 420.00 мм),1:1,
D:\_MMK\Дороги 2012\Аларский Район\DWG\ПОДД\Кутулик-Аляты (Аларский).dwg,Лист1,26.03.2013 21:49:48,M,DWG To PDF.pc3,ISO без полей A3 (297.00 x 420.00 мм),1:1,
D:\_MMK\Дороги 2012\Аларский Район\DWG\ПОДД\Кутулик-Аляты (Аларский).dwg,Лист1,26.03.2013 21:49:50,M,DWG To PDF.pc3,ISO без полей A3 (297.00 x 420.00 мм),1:1,
D:\_MMK\Дороги 2012\Аларский Район\DWG\ПОДД\Кутулик-Аляты (Аларский).dwg,Лист1,26.03.2013 21:49:51,M,DWG To PDF.pc3,ISO без полей A3 (297.00 x 420.00 мм),1:1,
D:\_MMK\Дороги 2012\Аларский Район\DWG\ПОДД\Кутулик-Аляты (Аларский).dwg,Лист1,26.03.2013 21:49:51,M,DWG To PDF.pc3,ISO без полей A3 (297.00 x 420.00 мм),1:1,
D:\_MMK\Дороги 2012\Аларский Район\DWG\ПОДД\Кутулик-Аляты (Аларский).dwg,Лист1,26.03.2013 21:49:52,M,DWG To PDF.pc3,ISO без полей A3 (297.00 x 420.00 мм),1:1,
D:\_MMK\Дороги 2012\Аларский Район\DWG\ПОДД\Кутулик-Аляты (Аларский).dwg,Лист1,26.03.2013 21:49:53,M,DWG To PDF.pc3,ISO без полей A3 (297.00 x 420.00 мм),1:1,
D:\_MMK\Дороги 2012\Аларский Район\DWG\ПОДД\Кутулик-Аляты (Аларский).dwg,Лист1,26.03.2013 21:49:54,M,DWG To PDF.pc3,ISO без полей A3 (297.00 x 420.00 мм),1:1,
D:\_MMK\Дороги 2012\Аларский Район\DWG\ПОДД\Кутулик-Аляты (Аларский).dwg,Лист1,26.03.2013 21:49:54,M,DWG To PDF.pc3,ISO без полей A3 (297.00 x 420.00 мм),1:1,
D:\_MMK\Дороги 2012\Аларский Район\DWG\ПОДД\Кутулик-Аляты (Аларский).dwg,Лист1,26.03.2013 21:49:55,M,DWG To PDF.pc3,ISO без полей A3 (297.00 x 420.00 мм),1:1,
D:\_MMK\Дороги 2012\Аларский Район\DWG\ПОДД\Кутулик-Аляты (Аларский).dwg,Лист1,26.03.2013 21:49:56,M,DWG To PDF.pc3,ISO без полей A3 (297.00 x 420.00 мм),1:1,
D:\_MMK\Дороги 2012\Аларский Район\DWG\ПОДД\Кутулик-Аляты (Аларский).dwg,Лист1,26.03.2013 21:49:56,M,DWG To PDF.pc3,ISO без полей A3 (297.00 x 420.00 мм),1:1,
D:\_MMK\Дороги 2012\Аларский Район\DWG\ПОДД\Кутулик-Аляты (Аларский).dwg,Лист1,26.03.2013 21:49:57,M,DWG To PDF.pc3,ISO без полей A3 (297.00 x 420.00 мм),1:1,
D:\_MMK\Дороги 2012\Аларский Район\DWG\ПОДД\Кутулик-Аляты (Аларский).dwg,Лист1,26.03.2013 21:49:58,M,DWG To PDF.pc3,ISO без полей A3 (297.00 x 420.00 мм),1:1,
D:\_MMK\Дороги 2012\Аларский Район\DWG\ПОДД\Кутулик-Аляты (Аларский).dwg,Лист1,26.03.2013 21:49:58,M,DWG To PDF.pc3,ISO без полей A3 (297.00 x 420.00 мм),1:1,
D:\_MMK\Дороги 2012\Аларский Район\DWG\ПОДД\Кутулик-Аляты (Аларский).dwg,Лист1,26.03.2013 21:49:59,M,DWG To PDF.pc3,ISO без полей A3 (297.00 x 420.00 мм),1:1,
D:\_MMK\Дороги 2012\Аларский Район\DWG\ПОДД\Кутулик-Аляты (Аларский).dwg,Лист1,26.03.2013 21:49:59,M,DWG To PDF.pc3,ISO без полей A3 (297.00 x 420.00 мм),1:1,
D:\_MMK\Дороги 2012\Аларский Район\DWG\ПОДД\Кутулик-Аляты (Аларский).dwg,Лист1,26.03.2013 21:50:00,M,DWG To PDF.pc3,ISO без полей A3 (297.00 x 420.00 мм),1:1,
D:\_MMK\Дороги 2012\Аларский Район\DWG\ТЭС\Апхульта-Тыргетуй.dwg,Лист1,22.04.2013 1:21:14,M,DWG To PDF.pc3,ISO без полей A4 (297.00 x 210.00 мм),1:1,
D:\_MMK\Дороги 2012\Аларский Район\DWG\ТЭС\Апхульта-Тыргетуй.dwg,Лист1,22.04.2013 1:21:15,M,DWG To PDF.pc3,ISO без полей A4 (297.00 x 210.00 мм),1:1,
D:\_MMK\Дороги 2012\Аларский Район\DWG\ТЭС\Апхульта-Тыргетуй.dwg,Лист1,22.04.2013 1:21:16,M,DWG To PDF.pc3,ISO без полей A4 (297.00 x 210.00 мм),1:1,
D:\_MMK\Дороги 2012\Аларский Район\DWG\ТЭС\Апхульта-Тыргетуй.dwg,Лист1,22.04.2013 1:21:17,M,DWG To PDF.pc3,ISO без полей A4 (297.00 x 210.00 мм),1:1,
D:\_MMK\Дороги 2012\Аларский Район\DWG\ТЭС\Апхульта-Тыргетуй.dwg,Лист1,22.04.2013 1:21:18,M,DWG To PDF.pc3,ISO без полей A4 (297.00 x 210.00 мм),1:1,
D:\_MMK\Дороги 2012\Аларский Район\DWG\ТЭС\Апхульта-Тыргетуй.dwg,Лист1,22.04.2013 1:21:18,M,DWG To PDF.pc3,ISO без полей A4 (297.00 x 210.00 мм),1:1,
D:\_MMK\Дороги 2012\Аларский Район\DWG\ТЭС\Апхульта-Тыргетуй.dwg,Лист1,22.04.2013 1:21:19,M,DWG To PDF.pc3,ISO без полей A4 (297.00 x 210.00 мм),1:1,
D:\_MMK\Дороги 2012\Аларский Район\DWG\ТЭС\Апхульта-Тыргетуй.dwg,Лист1,22.04.2013 1:21:20,M,DWG To PDF.pc3,ISO без полей A4 (297.00 x 210.00 мм),1:1,
D:\_MMK\Дороги 2012\Аларский Район\DWG\ТЭС\Апхульта-Тыргетуй.dwg,Лист1,22.04.2013 1:21:21,M,DWG To PDF.pc3,ISO без полей A4 (297.00 x 210.00 мм),1:1,
D:\_MMK\Дороги 2012\Аларский Район\DWG\ТЭС\Апхульта-Тыргетуй.dwg,Лист1,22.04.2013 1:21:21,M,DWG To PDF.pc3,ISO без полей A4 (297.00 x 210.00 мм),1:1,
D:\_MMK\Дороги 2012\Аларский Район\DWG\ТЭС\Апхульта-Тыргетуй.dwg,Лист1,22.04.2013 1:21:22,M,DWG To PDF.pc3,ISO без полей A4 (297.00 x 210.00 мм),1:1,
D:\_MMK\Дороги 2012\Аларский Район\DWG\ТЭС\Апхульта-Тыргетуй.dwg,Лист1,22.04.2013 1:21:23,M,DWG To PDF.pc3,ISO без полей A4 (297.00 x 210.00 мм),1:1,
D:\_MMK\Дороги 2012\Аларский Район\DWG\ТЭС\Апхульта-Тыргетуй.dwg,Лист1,22.04.2013 1:21:24,M,DWG To PDF.pc3,ISO без полей A4 (297.00 x 210.00 мм),1:1,
D:\_MMK\Дороги 2012\Аларский Район\DWG\ТЭС\Апхульта-Тыргетуй.dwg,Лист1,22.04.2013 1:21:24,M,DWG To PDF.pc3,ISO без полей A4 (297.00 x 210.00 мм),1:1,
D:\_MMK\Дороги 2012\Аларский Район\DWG\ТЭС\Апхульта-Тыргетуй.dwg,Лист1,22.04.2013 1:21:25,M,DWG To PDF.pc3,ISO без полей A4 (297.00 x 210.00 мм),1:1,
D:\_MMK\Дороги 2012\Аларский Район\DWG\ТЭС\Апхульта-Тыргетуй.dwg,Лист1,22.04.2013 1:21:26,M,DWG To PDF.pc3,ISO без полей A4 (297.00 x 210.00 мм),1:1,
D:\_MMK\Дороги 2012\Аларский Район\DWG\ТЭС\Апхульта-Тыргетуй.dwg,Лист1,22.04.2013 1:21:26,M,DWG To PDF.pc3,ISO без полей A4 (297.00 x 210.00 мм),1:1,
D:\_MMK\Дороги 2012\Аларский Район\DWG\ТЭС\Апхульта-Тыргетуй.dwg,Лист1,22.04.2013 1:21:27,M,DWG To PDF.pc3,ISO без полей A4 (297.00 x 210.00 мм),1:1,
D:\_MMK\Дороги 2012\Аларский Район\DWG\ТЭС\Апхульта-Тыргетуй.dwg,Лист1,22.04.2013 1:21:28,M,DWG To PDF.pc3,ISO без полей A4 (297.00 x 210.00 мм),1:1,
D:\_MMK\Дороги 2012\Аларский Район\DWG\ТЭС\Апхульта-Тыргетуй.dwg,Лист1,22.04.2013 1:21:28,M,DWG To PDF.pc3,ISO без полей A4 (297.00 x 210.00 мм),1:1,
D:\_MMK\Дороги 2012\Аларский Район\DWG\ТЭС\Апхульта-Тыргетуй.dwg,Лист1,22.04.2013 1:21:29,M,DWG To PDF.pc3,ISO без полей A4 (297.00 x 210.00 мм),1:1,
D:\_MMK\Дороги 2012\Аларский Район\DWG\ТЭС\Апхульта-Тыргетуй.dwg,Лист1,22.04.2013 1:21:30,M,DWG To PDF.pc3,ISO без полей A4 (297.00 x 210.00 мм),1:1,
D:\_MMK\Дороги 2012\Аларский Район\DWG\ТЭС\Апхульта-Тыргетуй.dwg,Лист1,22.04.2013 1:21:31,M,DWG To PDF.pc3,ISO без полей A4 (297.00 x 210.00 мм),1:1,
D:\_MMK\Дороги 2012\Аларский Район\DWG\ТЭС\Апхульта-Тыргетуй.dwg,Лист1,22.04.2013 1:21:31,M,DWG To PDF.pc3,ISO без полей A4 (297.00 x 210.00 мм),1:1,
D:\_MMK\Дороги 2012\Аларский Район\DWG\ТЭС\Апхульта-Тыргетуй.dwg,Лист1,22.04.2013 1:21:32,M,DWG To PDF.pc3,ISO без полей A4 (297.00 x 210.00 мм),1:1,
D:\_MMK\Дороги 2012\Аларский Район\DWG\ТЭС\Апхульта-Тыргетуй.dwg,Лист1,22.04.2013 1:21:33,M,DWG To PDF.pc3,ISO без полей A4 (297.00 x 210.00 мм),1:1,
